This is pdfTeX, Version 3.14159265-2.6-1.40.17 (MiKTeX 2.9.6100 64-bit) (preloaded format=pdflatex 2016.11.24)  10 FEB 2017 15:31
entering extended mode
**./einsteiger.tex
(einsteiger.tex
LaTeX2e <2016/03/31> patch level 3
Babel <3.9r> and hyphenation patterns for 75 language(s) loaded.

(C:\Users\siegfried\AppData\Roaming\MiKTeX\2.9\tex\latex\koma-script\scrartcl.c
ls
Document Class: scrartcl 2016/06/14 v3.21 KOMA-Script document class (article)

(C:\Users\siegfried\AppData\Roaming\MiKTeX\2.9\tex\latex\koma-script\scrkbase.s
ty
Package: scrkbase 2016/06/14 v3.21 KOMA-Script package (KOMA-Script-dependent b
asics and keyval usage)

(C:\Users\siegfried\AppData\Roaming\MiKTeX\2.9\tex\latex\koma-script\scrbase.st
y
Package: scrbase 2016/06/14 v3.21 KOMA-Script package (KOMA-Script-independent 
basics and keyval usage)
 ("F:\Program Files\MiKTeX 2.9\tex\latex\graphics\keyval.sty"
Package: keyval 2014/10/28 v1.15 key=value parser (DPC)
\KV@toks@=\toks14
)
(C:\Users\siegfried\AppData\Roaming\MiKTeX\2.9\tex\latex\koma-script\scrlfile.s
ty
Package: scrlfile 2016/06/14 v3.21 KOMA-Script package (loading files)

Package scrlfile, 2016/06/14 v3.21 KOMA-Script package (loading files)
                  Copyright (C) Markus Kohm

)))
(C:\Users\siegfried\AppData\Roaming\MiKTeX\2.9\tex\latex\koma-script\tocbasic.s
ty
Package: tocbasic 2016/06/14 v3.21 KOMA-Script package (handling toc-files)
\scr@dte@tocline@numberwidth=\skip41
\scr@dte@tocline@numbox=\box26
)
Package tocbasic Info: omitting babel extension for `toc'
(tocbasic)             because of feature `nobabel' available
(tocbasic)             for `toc' on input line 130.
Package tocbasic Info: omitting babel extension for `lof'
(tocbasic)             because of feature `nobabel' available
(tocbasic)             for `lof' on input line 131.
Package tocbasic Info: omitting babel extension for `lot'
(tocbasic)             because of feature `nobabel' available
(tocbasic)             for `lot' on input line 132.
Package scrartcl Info: You've used standard option `12pt'.
(scrartcl)             This is correct!
(scrartcl)             Internally I'm using `fontsize=12pt'.
(scrartcl)             If you'd like to set the option with \KOMAoptions,
(scrartcl)             you'd have to use `fontsize=12pt' there
(scrartcl)             instead of `12pt', too.
Class scrartcl Info: File `scrsize12pt.clo' used to setup font sizes on input l
ine 2052.

(C:\Users\siegfried\AppData\Roaming\MiKTeX\2.9\tex\latex\koma-script\scrsize12p
t.clo
File: scrsize12pt.clo 2016/06/14 v3.21 KOMA-Script font size class option (12pt
)
)
(C:\Users\siegfried\AppData\Roaming\MiKTeX\2.9\tex\latex\koma-script\typearea.s
ty
Package: typearea 2016/06/14 v3.21 KOMA-Script package (type area)

Package typearea, 2016/06/14 v3.21 KOMA-Script package (type area)
                  Copyright (C) Frank Neukam, 1992-1994
                  Copyright (C) Markus Kohm, 1994-

\ta@bcor=\skip42
\ta@div=\count79
\ta@hblk=\skip43
\ta@vblk=\skip44
\ta@temp=\skip45
\footheight=\skip46
Package typearea Info: These are the values describing the layout:
(typearea)             DIV  = 12
(typearea)             BCOR = 0.0pt
(typearea)             \paperwidth      = 597.50793pt
(typearea)              \textwidth      = 448.13095pt
(typearea)              DIV departure   = -6%
(typearea)              \evensidemargin = 2.4185pt
(typearea)              \oddsidemargin  = 2.4185pt
(typearea)             \paperheight     = 845.04694pt
(typearea)              \textheight     = 635.5pt
(typearea)              \topmargin      = -41.72441pt
(typearea)              \headheight     = 18.125pt
(typearea)              \headsep        = 21.75pt
(typearea)              \topskip        = 12.0pt
(typearea)              \footskip       = 50.75pt
(typearea)              \baselineskip   = 14.5pt
(typearea)              on input line 1529.
)
\c@part=\count80
\c@section=\count81
\c@subsection=\count82
\c@subsubsection=\count83
\c@paragraph=\count84
\c@subparagraph=\count85
\scr@dte@part@maxnumwidth=\skip47
\scr@dte@section@maxnumwidth=\skip48
\scr@dte@subsection@maxnumwidth=\skip49
\scr@dte@subsubsection@maxnumwidth=\skip50
\scr@dte@paragraph@maxnumwidth=\skip51
\scr@dte@subparagraph@maxnumwidth=\skip52
LaTeX Info: Redefining \textsubscript on input line 4036.
\abovecaptionskip=\skip53
\belowcaptionskip=\skip54
\c@pti@nb@sid@b@x=\box27
\c@figure=\count86
\c@table=\count87
Class scrartcl Info: Redefining `\numberline' on input line 5049.
\bibindent=\dimen102
) (C:\Users\siegfried\AppData\Roaming\MiKTeX\2.9\tex\latex\ucs\ucs.sty
Package: ucs 2013/05/11 v2.2 UCS: Unicode input support

(C:\Users\siegfried\AppData\Roaming\MiKTeX\2.9\tex\latex\ucs\uni-global.def
File: uni-global.def 2013/05/13 UCS: Unicode global data
)
\uc@secondtry=\count88
\uc@combtoks=\toks15
\uc@combtoksb=\toks16
\uc@temptokena=\toks17
)
("F:\Program Files\MiKTeX 2.9\tex\latex\base\inputenc.sty"
Package: inputenc 2015/03/17 v1.2c Input encoding file
\inpenc@prehook=\toks18
\inpenc@posthook=\toks19

(C:\Users\siegfried\AppData\Roaming\MiKTeX\2.9\tex\latex\ucs\utf8x.def
File: utf8x.def 2004/10/17 UCS: Input encoding UTF-8
))
("F:\Program Files\MiKTeX 2.9\tex\latex\base\fontenc.sty"
Package: fontenc 2016/06/19 v1.99m Standard LaTeX package

("F:\Program Files\MiKTeX 2.9\tex\latex\base\t1enc.def"
File: t1enc.def 2016/06/19 v1.99m Standard LaTeX file
LaTeX Font Info:    Redeclaring font encoding T1 on input line 48.
))
("F:\Program Files\MiKTeX 2.9\tex\generic\babel\babel.sty"
Package: babel 2016/04/23 3.9r The Babel package

*************************************
* Local config file bblopts.cfg used
*
(C:\Users\siegfried\AppData\Roaming\MiKTeX\2.9\tex\latex\arabi\bblopts.cfg
File: bblopts.cfg 2005/09/08 v0.1 add Arabic and Farsi to "declared" options of
 babel
)
("F:\Program Files\MiKTeX 2.9\tex\latex\babel-german\ngerman.ldf"
Language: ngerman 2016/11/02 v2.9 German support for babel (new orthography)

("F:\Program Files\MiKTeX 2.9\tex\latex\babel-german\ngermanb.ldf"
Language: ngermanb 2016/11/02 v2.9 German support for babel (new orthography)

("F:\Program Files\MiKTeX 2.9\tex\generic\babel\babel.def"
File: babel.def 2016/04/23 3.9r Babel common definitions
\babel@savecnt=\count89
\U@D=\dimen103
)
Package babel Info: Making " an active character on input line 125.
)))
("F:\Program Files\MiKTeX 2.9\tex\latex\graphics\graphicx.sty"
Package: graphicx 2014/10/28 v1.0g Enhanced LaTeX Graphics (DPC,SPQR)

("F:\Program Files\MiKTeX 2.9\tex\latex\graphics\graphics.sty"
Package: graphics 2016/07/10 v1.0t Standard LaTeX Graphics (DPC,SPQR)

("F:\Program Files\MiKTeX 2.9\tex\latex\graphics\trig.sty"
Package: trig 2016/01/03 v1.10 sin cos tan (DPC)
)
("F:\Program Files\MiKTeX 2.9\tex\latex\graphics-cfg\graphics.cfg"
File: graphics.cfg 2016/06/04 v1.11 sample graphics configuration
)
Package graphics Info: Driver file: pdftex.def on input line 99.

("F:\Program Files\MiKTeX 2.9\tex\latex\graphics-def\pdftex.def"
File: pdftex.def 2016/07/10 v0.06j Graphics/color for pdfTeX

("F:\Program Files\MiKTeX 2.9\tex\generic\oberdiek\infwarerr.sty"
Package: infwarerr 2016/05/16 v1.4 Providing info/warning/error messages (HO)
)
("F:\Program Files\MiKTeX 2.9\tex\generic\oberdiek\ltxcmds.sty"
Package: ltxcmds 2016/05/16 v1.23 LaTeX kernel commands for general use (HO)
)
\Gread@gobject=\count90
))
\Gin@req@height=\dimen104
\Gin@req@width=\dimen105
)
("F:\Program Files\MiKTeX 2.9\tex\latex\float\float.sty"
Package: float 2001/11/08 v1.3d Float enhancements (AL)
\c@float@type=\count91
\float@exts=\toks20
\float@box=\box28
\@float@everytoks=\toks21
\@floatcapt=\box29
)
(C:\Users\siegfried\AppData\Roaming\MiKTeX\2.9\tex\latex\listings\listings.sty
\lst@mode=\count92
\lst@gtempboxa=\box30
\lst@token=\toks22
\lst@length=\count93
\lst@currlwidth=\dimen106
\lst@column=\count94
\lst@pos=\count95
\lst@lostspace=\dimen107
\lst@width=\dimen108
\lst@newlines=\count96
\lst@lineno=\count97
\lst@maxwidth=\dimen109

(C:\Users\siegfried\AppData\Roaming\MiKTeX\2.9\tex\latex\listings\lstmisc.sty
File: lstmisc.sty 2015/06/04 1.6 (Carsten Heinz)
\c@lstnumber=\count98
\lst@skipnumbers=\count99
\lst@framebox=\box31
)
(C:\Users\siegfried\AppData\Roaming\MiKTeX\2.9\tex\latex\listings\listings.cfg
File: listings.cfg 2015/06/04 1.6 listings configuration
))
Package: listings 2015/06/04 1.6 (Carsten Heinz)
 (C:\Users\siegfried\AppData\Roaming\MiKTeX\2.9\tex\latex\xcolor\xcolor.sty
Package: xcolor 2016/05/11 v2.12 LaTeX color extensions (UK)

("F:\Program Files\MiKTeX 2.9\tex\latex\graphics-cfg\color.cfg"
File: color.cfg 2016/01/02 v1.6 sample color configuration
)
Package xcolor Info: Driver file: pdftex.def on input line 225.

(C:\Users\siegfried\AppData\Roaming\MiKTeX\2.9\tex\latex\colortbl\colortbl.sty
Package: colortbl 2012/02/13 v1.0a Color table columns (DPC)

("F:\Program Files\MiKTeX 2.9\tex\latex\tools\array.sty"
Package: array 2014/10/28 v2.4c Tabular extension package (FMi)
\col@sep=\dimen110
\extrarowheight=\dimen111
\NC@list=\toks23
\extratabsurround=\skip55
\backup@length=\skip56
)
\everycr=\toks24
\minrowclearance=\skip57
)
\rownum=\count100
Package xcolor Info: Model `cmy' substituted by `cmy0' on input line 1348.
Package xcolor Info: Model `hsb' substituted by `rgb' on input line 1352.
Package xcolor Info: Model `RGB' extended on input line 1364.
Package xcolor Info: Model `HTML' substituted by `rgb' on input line 1366.
Package xcolor Info: Model `Hsb' substituted by `hsb' on input line 1367.
Package xcolor Info: Model `tHsb' substituted by `hsb' on input line 1368.
Package xcolor Info: Model `HSB' substituted by `hsb' on input line 1369.
Package xcolor Info: Model `Gray' substituted by `gray' on input line 1370.
Package xcolor Info: Model `wave' substituted by `hsb' on input line 1371.
)
(C:\Users\siegfried\AppData\Roaming\MiKTeX\2.9\tex\latex\koma-script\scrpage2.s
ty
Package: scrpage2 2016/06/14 v3.21 KOMA-Script package (page head and foot)
LaTeX Info: Redefining \pagemark on input line 174.
) (C:\Users\siegfried\AppData\Roaming\MiKTeX\2.9\tex\latex\ulem\ulem.sty
\UL@box=\box32
\UL@hyphenbox=\box33
\UL@skip=\skip58
\UL@hook=\toks25
\UL@height=\dimen112
\UL@pe=\count101
\UL@pixel=\dimen113
\ULC@box=\box34
Package: ulem 2012/05/18
\ULdepth=\dimen114
)
(einsteiger.aux

LaTeX Warning: Label `sec:first-steps-extraction-file-with' multiply defined.

)
\openout1 = `einsteiger.aux'.

LaTeX Font Info:    Checking defaults for OML/cmm/m/it on input line 39.
LaTeX Font Info:    ... okay on input line 39.
LaTeX Font Info:    Checking defaults for T1/cmr/m/n on input line 39.
LaTeX Font Info:    ... okay on input line 39.
LaTeX Font Info:    Checking defaults for OT1/cmr/m/n on input line 39.
LaTeX Font Info:    ... okay on input line 39.
LaTeX Font Info:    Checking defaults for OMS/cmsy/m/n on input line 39.
LaTeX Font Info:    ... okay on input line 39.
LaTeX Font Info:    Checking defaults for OMX/cmex/m/n on input line 39.
LaTeX Font Info:    ... okay on input line 39.
LaTeX Font Info:    Checking defaults for U/cmr/m/n on input line 39.
LaTeX Font Info:    ... okay on input line 39.
 (C:\Users\siegfried\AppData\Roaming\MiKTeX\2.9\tex\latex\ucs\ucsencs.def
File: ucsencs.def 2011/01/21 Fixes to fontencodings LGR, T3
)
(C:\Users\siegfried\AppData\Roaming\MiKTeX\2.9\tex\context\base\supp-pdf.mkii
[Loading MPS to PDF converter (version 2006.09.02).]
\scratchcounter=\count102
\scratchdimen=\dimen115
\scratchbox=\box35
\nofMPsegments=\count103
\nofMParguments=\count104
\everyMPshowfont=\toks26
\MPscratchCnt=\count105
\MPscratchDim=\dimen116
\MPnumerator=\count106
\makeMPintoPDFobject=\count107
\everyMPtoPDFconversion=\toks27
) ("F:\Program Files\MiKTeX 2.9\tex\generic\oberdiek\pdftexcmds.sty"
Package: pdftexcmds 2016/05/21 v0.22 Utility functions of pdfTeX for LuaTeX (HO
)

("F:\Program Files\MiKTeX 2.9\tex\generic\oberdiek\ifluatex.sty"
Package: ifluatex 2016/05/16 v1.4 Provides the ifluatex switch (HO)
Package ifluatex Info: LuaTeX not detected.
)
("F:\Program Files\MiKTeX 2.9\tex\generic\oberdiek\ifpdf.sty"
Package: ifpdf 2016/05/14 v3.1 Provides the ifpdf switch
)
Package pdftexcmds Info: LuaTeX not detected.
Package pdftexcmds Info: \pdf@primitive is available.
Package pdftexcmds Info: \pdf@ifprimitive is available.
Package pdftexcmds Info: \pdfdraftmode found.
)
("F:\Program Files\MiKTeX 2.9\tex\latex\oberdiek\epstopdf-base.sty"
Package: epstopdf-base 2016/05/15 v2.6 Base part for package epstopdf

("F:\Program Files\MiKTeX 2.9\tex\latex\oberdiek\grfext.sty"
Package: grfext 2016/05/16 v1.2 Manage graphics extensions (HO)

("F:\Program Files\MiKTeX 2.9\tex\generic\oberdiek\kvdefinekeys.sty"
Package: kvdefinekeys 2016/05/16 v1.4 Define keys (HO)
))
("F:\Program Files\MiKTeX 2.9\tex\latex\oberdiek\kvoptions.sty"
Package: kvoptions 2016/05/16 v3.12 Key value format for package options (HO)

("F:\Program Files\MiKTeX 2.9\tex\generic\oberdiek\kvsetkeys.sty"
Package: kvsetkeys 2016/05/16 v1.17 Key value parser (HO)

("F:\Program Files\MiKTeX 2.9\tex\generic\oberdiek\etexcmds.sty"
Package: etexcmds 2016/05/16 v1.6 Avoid name clashes with e-TeX commands (HO)
Package etexcmds Info: Could not find \expanded.
(etexcmds)             That can mean that you are not using pdfTeX 1.50 or
(etexcmds)             that some package has redefined \expanded.
(etexcmds)             In the latter case, load this package earlier.
)))
Package epstopdf-base Info: Redefining graphics rule for `.eps' on input line 4
38.
Package grfext Info: Graphics extension search list:
(grfext)             [.png,.pdf,.jpg,.mps,.jpeg,.jbig2,.jb2,.PNG,.PDF,.JPG,.JPE
G,.JBIG2,.JB2,.eps]
(grfext)             \AppendGraphicsExtensions on input line 456.
)
\c@lstlisting=\count108

<HTWG.jpg, id=1, 227.6505pt x 70.1019pt>
File: HTWG.jpg Graphic file (type jpg)
 <use HTWG.jpg>
Package pdftex.def Info: HTWG.jpg used on input line 43.
(pdftex.def)             Requested size: 224.06548pt x 68.99995pt.

(C:\Users\siegfried\AppData\Roaming\MiKTeX\2.9\tex\latex\ucs\uni-0.def
File: uni-0.def 2013/05/13 UCS: Unicode data U+0000..U+00FF
)
[1

{C:/Users/siegfried/AppData/Local/MiKTeX/2.9/pdftex/config/pdftex.map} <./HTWG.
jpg>]
LaTeX Font Info:    Try loading font information for T1+cmss on input line 60.
 ("F:\Program Files\MiKTeX 2.9\tex\latex\base\t1cmss.fd"
File: t1cmss.fd 2014/09/29 v2.5h Standard LaTeX font definitions
)
LaTeX Font Info:    External font `cmex10' loaded for size
(Font)              <12> on input line 66.
LaTeX Font Info:    External font `cmex10' loaded for size
(Font)              <8> on input line 66.
LaTeX Font Info:    External font `cmex10' loaded for size
(Font)              <6> on input line 66.
 [2]
(einsteiger.toc)
\tf@toc=\write3
\openout3 = `einsteiger.toc'.

 [3] [4] <schritt1.png, id=23, 540.51938pt x 85.82062pt>
File: schritt1.png Graphic file (type png)

<use schritt1.png>
Package pdftex.def Info: schritt1.png used on input line 96.
(pdftex.def)             Requested size: 448.13095pt x 71.15381pt.
 [5 <./schritt1.png>]
<schritt2.png, id=29, 577.15625pt x 380.42125pt>
File: schritt2.png Graphic file (type png)
 <use schritt2.png>
Package pdftex.def Info: schritt2.png used on input line 110.
(pdftex.def)             Requested size: 268.8813pt x 177.23653pt.

<schritt3.png, id=30, 395.97937pt x 283.81032pt>
File: schritt3.png Graphic file (type png)
 <use schritt3.png>
Package pdftex.def Info: schritt3.png used on input line 116.
(pdftex.def)             Requested size: 268.8813pt x 192.71996pt.
 [6 <./schritt2.png> <./schritt3.png>] <schritt4.png, id=36, 690.58pt x 417.56p
t>
File: schritt4.png Graphic file (type png)

<use schritt4.png>
Package pdftex.def Info: schritt4.png used on input line 126.
(pdftex.def)             Requested size: 448.13095pt x 270.96477pt.
 <schritt5.png, id=37, 801.99625pt x 451.6875pt>
File: schritt5.png Graphic file (type png)

<use schritt5.png>
Package pdftex.def Info: schritt5.png used on input line 134.
(pdftex.def)             Requested size: 358.50612pt x 201.91351pt.
 [7 <./schritt4.png>]
<schritt6.png, id=43, 596.2275pt x 263.98625pt>
File: schritt6.png Graphic file (type png)
 <use schritt6.png>
Package pdftex.def Info: schritt6.png used on input line 143.
(pdftex.def)             Requested size: 358.50612pt x 158.73132pt.
 [8 <./schritt5.png> <./schritt6.png>] [9]
LaTeX Font Info:    Try loading font information for OMS+cmr on input line 188.


("F:\Program Files\MiKTeX 2.9\tex\latex\base\omscmr.fd"
File: omscmr.fd 2014/09/29 v2.5h Standard LaTeX font definitions
)
LaTeX Font Info:    Font shape `OMS/cmr/m/n' in size <12> not available
(Font)              Font shape `OMS/cmsy/m/n' tried instead on input line 188.

(C:\Users\siegfried\AppData\Roaming\MiKTeX\2.9\tex\latex\listings\lstlang1.sty
File: lstlang1.sty 2015/06/04 1.6 listings language file
) (C:\Users\siegfried\AppData\Roaming\MiKTeX\2.9\tex\latex\listings\lstlang1.st
y
File: lstlang1.sty 2015/06/04 1.6 listings language file
)
LaTeX Font Info:    Try loading font information for T1+cmtt on input line 193.

 ("F:\Program Files\MiKTeX 2.9\tex\latex\base\t1cmtt.fd"
File: t1cmtt.fd 2014/09/29 v2.5h Standard LaTeX font definitions
)
Overfull \hbox (18.29211pt too wide) in paragraph at lines 200--210
 [] 
 []


Overfull \hbox (4.38708pt too wide) in paragraph at lines 215--224
 [] 
 []

[10] [11] <ersteSchritteKopfFuss001.png, id=60, 225.09094pt x 15.05624pt>
File: ersteSchritteKopfFuss001.png Graphic file (type png)

<use ersteSchritteKopfFuss001.png>
Package pdftex.def Info: ersteSchritteKopfFuss001.png used on input line 259.
(pdftex.def)             Requested size: 313.69029pt x 20.98508pt.

<ersteSchritteKopfFuss002.png, id=61, 255.20343pt x 12.7978pt>
File: ersteSchritteKopfFuss002.png Graphic file (type png)

<use ersteSchritteKopfFuss002.png>
Package pdftex.def Info: ersteSchritteKopfFuss002.png used on input line 268.
(pdftex.def)             Requested size: 313.69029pt x 15.73161pt.
 [12 <./ersteSchritteKopfFuss001.png> <./ersteSchritteKopfFuss002.png>]
<ersteSchritteKopfFussIntoFileWithoutConsole002.png, id=67, 280.04625pt x 14.30
344pt>
File: ersteSchritteKopfFussIntoFileWithoutConsole002.png Graphic file (type png
)
 <use ersteSchritteKopfFussIntoFileWithoutConsole002.png>
Package pdftex.def Info: ersteSchritteKopfFussIntoFileWithoutConsole002.png use
d on input line 288.
(pdftex.def)             Requested size: 448.13095pt x 22.88943pt.

<ersteSchritteKopfFussIntoFileWithoutConsole001.png, id=68, 345.54094pt x 15.05
624pt>
File: ersteSchritteKopfFussIntoFileWithoutConsole001.png Graphic file (type png
)
 <use ersteSchritteKopfFussIntoFileWithoutConsole001.png>
Package pdftex.def Info: ersteSchritteKopfFussIntoFileWithoutConsole001.png use
d on input line 296.
(pdftex.def)             Requested size: 448.13095pt x 19.52669pt.
 [13 <./ersteSchritteKopfFussIntoFileWithoutConsole002.png> <./ersteSchritteKop
fFussIntoFileWithoutConsole001.png>]
<ersteSchritteKopfFussIntoFileWithConsole001.png, id=75, 295.1025pt x 13.55063p
t>
File: ersteSchritteKopfFussIntoFileWithConsole001.png Graphic file (type png)
 <use ersteSchritteKopfFussIntoFileWithConsole001.png>
Package pdftex.def Info: ersteSchritteKopfFussIntoFileWithConsole001.png used o
n input line 323.
(pdftex.def)             Requested size: 448.13095pt x 20.57791pt.

<ersteSchritteKopfFussIntoFileWithConsole002.png, id=76, 362.85562pt x 13.55063
pt>
File: ersteSchritteKopfFussIntoFileWithConsole002.png Graphic file (type png)
 <use ersteSchritteKopfFussIntoFileWithConsole002.png>
Package pdftex.def Info: ersteSchritteKopfFussIntoFileWithConsole002.png used o
n input line 331.
(pdftex.def)             Requested size: 448.13095pt x 16.7356pt.
 [14 <./ersteSchritteKopfFussIntoFileWithConsole001.png> <./ersteSchritteKopfFu
ssIntoFileWithConsole002.png>]
<ersteSchritteKopfFussIntoFileWithoutConsoleWithReplicates001.png, id=82, 295.8
5532pt x 15.05624pt>
File: ersteSchritteKopfFussIntoFileWithoutConsoleWithReplicates001.png Graphic 
file (type png)

<use ersteSchritteKopfFussIntoFileWithoutConsoleWithReplicates001.png>
Package pdftex.def Info: ersteSchritteKopfFussIntoFileWithoutConsoleWithReplica
tes001.png used on input line 358.
(pdftex.def)             Requested size: 448.13095pt x 22.80644pt.

<ersteSchritteKopfFussIntoFileWithoutConsoleWithReplicates002.png, id=83, 364.3
6125pt x 14.30344pt>
File: ersteSchritteKopfFussIntoFileWithoutConsoleWithReplicates002.png Graphic 
file (type png)

<use ersteSchritteKopfFussIntoFileWithoutConsoleWithReplicates002.png>
Package pdftex.def Info: ersteSchritteKopfFussIntoFileWithoutConsoleWithReplica
tes002.png used on input line 366.
(pdftex.def)             Requested size: 448.13095pt x 17.59267pt.
 [15 <./ersteSchritteKopfFussIntoFileWithoutConsoleWithReplicates001.png> <./er
steSchritteKopfFussIntoFileWithoutConsoleWithReplicates002.png>] [16]
Overfull \hbox (31.55255pt too wide) in paragraph at lines 409--419
 [][] 
 []

[17] [18] [19] (einsteiger.aux)

LaTeX Warning: There were multiply-defined labels.

 ) 
Here is how much of TeX's memory you used:
 7749 strings out of 493333
 118669 string characters out of 3139181
 304199 words of memory out of 3000000
 11150 multiletter control sequences out of 15000+200000
 15718 words of font info for 37 fonts, out of 3000000 for 9000
 1141 hyphenation exceptions out of 8191
 49i,17n,51p,8839b,1149s stack positions out of 5000i,500n,10000p,200000b,50000s
 <C:\Users\siegfried\AppData\Local\MiKTeX\2.9\fonts\pk\ljfour\jknappen\ec\dpi
600\ectt1200.pk> <C:\Users\siegfried\AppData\Local\MiKTeX\2.9\fonts\pk\ljfour\j
knappen\ec\dpi600\ecsx1440.pk> <C:\Users\siegfried\AppData\Local\MiKTeX\2.9\fon
ts\pk\ljfour\jknappen\ec\dpi600\ecsx1200.pk> <C:\Users\siegfried\AppData\Local\
MiKTeX\2.9\fonts\pk\ljfour\jknappen\ec\dpi600\ecrm1200.pk> <C:\Users\siegfried\
AppData\Local\MiKTeX\2.9\fonts\pk\ljfour\jknappen\ec\dpi600\ecsx1728.pk> <C:\Us
ers\siegfried\AppData\Local\MiKTeX\2.9\fonts\pk\ljfour\jknappen\ec\dpi600\ecrm1
440.pk> <C:\Users\siegfried\AppData\Local\MiKTeX\2.9\fonts\pk\ljfour\jknappen\e
c\dpi600\ecti1728.pk> <C:\Users\siegfried\AppData\Local\MiKTeX\2.9\fonts\pk\ljf
our\jknappen\ec\dpi600\ecxc1200.pk> <C:\Users\siegfried\AppData\Local\MiKTeX\2.
9\fonts\pk\ljfour\jknappen\ec\dpi600\eccc1728.pk><F:/Program Files/MiKTeX 2.9/f
onts/type1/public/amsfonts/cm/cmsy10.pfb>
Output written on einsteiger.pdf (19 pages, 351891 bytes).
PDF statistics:
 409 PDF objects out of 1000 (max. 8388607)
 0 named destinations out of 1000 (max. 500000)
 76 words of extra memory for PDF output out of 10000 (max. 10000000)

