This is pdfTeX, Version 3.14159265-2.6-1.40.17 (MiKTeX 2.9.6100 64-bit) (preloaded format=pdflatex 2016.11.24)  24 NOV 2016 12:48
entering extended mode
**./einsteiger.tex
(einsteiger.tex
LaTeX2e <2016/03/31> patch level 3
Babel <3.9r> and hyphenation patterns for 75 language(s) loaded.

(C:\Users\siegfried\AppData\Roaming\MiKTeX\2.9\tex\latex\koma-script\scrartcl.c
ls
Document Class: scrartcl 2016/06/14 v3.21 KOMA-Script document class (article)

(C:\Users\siegfried\AppData\Roaming\MiKTeX\2.9\tex\latex\koma-script\scrkbase.s
ty
Package: scrkbase 2016/06/14 v3.21 KOMA-Script package (KOMA-Script-dependent b
asics and keyval usage)

(C:\Users\siegfried\AppData\Roaming\MiKTeX\2.9\tex\latex\koma-script\scrbase.st
y
Package: scrbase 2016/06/14 v3.21 KOMA-Script package (KOMA-Script-independent 
basics and keyval usage)
 ("F:\Program Files\MiKTeX 2.9\tex\latex\graphics\keyval.sty"
Package: keyval 2014/10/28 v1.15 key=value parser (DPC)
\KV@toks@=\toks14
)
(C:\Users\siegfried\AppData\Roaming\MiKTeX\2.9\tex\latex\koma-script\scrlfile.s
ty
Package: scrlfile 2016/06/14 v3.21 KOMA-Script package (loading files)

Package scrlfile, 2016/06/14 v3.21 KOMA-Script package (loading files)
                  Copyright (C) Markus Kohm

)))
(C:\Users\siegfried\AppData\Roaming\MiKTeX\2.9\tex\latex\koma-script\tocbasic.s
ty
Package: tocbasic 2016/06/14 v3.21 KOMA-Script package (handling toc-files)
\scr@dte@tocline@numberwidth=\skip41
\scr@dte@tocline@numbox=\box26
)
Package tocbasic Info: omitting babel extension for `toc'
(tocbasic)             because of feature `nobabel' available
(tocbasic)             for `toc' on input line 130.
Package tocbasic Info: omitting babel extension for `lof'
(tocbasic)             because of feature `nobabel' available
(tocbasic)             for `lof' on input line 131.
Package tocbasic Info: omitting babel extension for `lot'
(tocbasic)             because of feature `nobabel' available
(tocbasic)             for `lot' on input line 132.
Package scrartcl Info: You've used standard option `12pt'.
(scrartcl)             This is correct!
(scrartcl)             Internally I'm using `fontsize=12pt'.
(scrartcl)             If you'd like to set the option with \KOMAoptions,
(scrartcl)             you'd have to use `fontsize=12pt' there
(scrartcl)             instead of `12pt', too.
Class scrartcl Info: File `scrsize12pt.clo' used to setup font sizes on input l
ine 2052.

(C:\Users\siegfried\AppData\Roaming\MiKTeX\2.9\tex\latex\koma-script\scrsize12p
t.clo
File: scrsize12pt.clo 2016/06/14 v3.21 KOMA-Script font size class option (12pt
)
)
(C:\Users\siegfried\AppData\Roaming\MiKTeX\2.9\tex\latex\koma-script\typearea.s
ty
Package: typearea 2016/06/14 v3.21 KOMA-Script package (type area)

Package typearea, 2016/06/14 v3.21 KOMA-Script package (type area)
                  Copyright (C) Frank Neukam, 1992-1994
                  Copyright (C) Markus Kohm, 1994-

\ta@bcor=\skip42
\ta@div=\count79
\ta@hblk=\skip43
\ta@vblk=\skip44
\ta@temp=\skip45
\footheight=\skip46
Package typearea Info: These are the values describing the layout:
(typearea)             DIV  = 12
(typearea)             BCOR = 0.0pt
(typearea)             \paperwidth      = 597.50793pt
(typearea)              \textwidth      = 448.13095pt
(typearea)              DIV departure   = -6%
(typearea)              \evensidemargin = 2.4185pt
(typearea)              \oddsidemargin  = 2.4185pt
(typearea)             \paperheight     = 845.04694pt
(typearea)              \textheight     = 635.5pt
(typearea)              \topmargin      = -41.72441pt
(typearea)              \headheight     = 18.125pt
(typearea)              \headsep        = 21.75pt
(typearea)              \topskip        = 12.0pt
(typearea)              \footskip       = 50.75pt
(typearea)              \baselineskip   = 14.5pt
(typearea)              on input line 1529.
)
\c@part=\count80
\c@section=\count81
\c@subsection=\count82
\c@subsubsection=\count83
\c@paragraph=\count84
\c@subparagraph=\count85
\scr@dte@part@maxnumwidth=\skip47
\scr@dte@section@maxnumwidth=\skip48
\scr@dte@subsection@maxnumwidth=\skip49
\scr@dte@subsubsection@maxnumwidth=\skip50
\scr@dte@paragraph@maxnumwidth=\skip51
\scr@dte@subparagraph@maxnumwidth=\skip52
LaTeX Info: Redefining \textsubscript on input line 4036.
\abovecaptionskip=\skip53
\belowcaptionskip=\skip54
\c@pti@nb@sid@b@x=\box27
\c@figure=\count86
\c@table=\count87
Class scrartcl Info: Redefining `\numberline' on input line 5049.
\bibindent=\dimen102
) (C:\Users\siegfried\AppData\Roaming\MiKTeX\2.9\tex\latex\ucs\ucs.sty
Package: ucs 2013/05/11 v2.2 UCS: Unicode input support

(C:\Users\siegfried\AppData\Roaming\MiKTeX\2.9\tex\latex\ucs\uni-global.def
File: uni-global.def 2013/05/13 UCS: Unicode global data
)
\uc@secondtry=\count88
\uc@combtoks=\toks15
\uc@combtoksb=\toks16
\uc@temptokena=\toks17
)
("F:\Program Files\MiKTeX 2.9\tex\latex\base\inputenc.sty"
Package: inputenc 2015/03/17 v1.2c Input encoding file
\inpenc@prehook=\toks18
\inpenc@posthook=\toks19

(C:\Users\siegfried\AppData\Roaming\MiKTeX\2.9\tex\latex\ucs\utf8x.def
File: utf8x.def 2004/10/17 UCS: Input encoding UTF-8
))
("F:\Program Files\MiKTeX 2.9\tex\latex\base\fontenc.sty"
Package: fontenc 2016/06/19 v1.99m Standard LaTeX package

("F:\Program Files\MiKTeX 2.9\tex\latex\base\t1enc.def"
File: t1enc.def 2016/06/19 v1.99m Standard LaTeX file
LaTeX Font Info:    Redeclaring font encoding T1 on input line 48.
))
("F:\Program Files\MiKTeX 2.9\tex\generic\babel\babel.sty"
Package: babel 2016/04/23 3.9r The Babel package

*************************************
* Local config file bblopts.cfg used
*
(C:\Users\siegfried\AppData\Roaming\MiKTeX\2.9\tex\latex\arabi\bblopts.cfg
File: bblopts.cfg 2005/09/08 v0.1 add Arabic and Farsi to "declared" options of
 babel
)
("F:\Program Files\MiKTeX 2.9\tex\latex\babel-german\ngerman.ldf"
Language: ngerman 2016/11/02 v2.9 German support for babel (new orthography)

("F:\Program Files\MiKTeX 2.9\tex\latex\babel-german\ngermanb.ldf"
Language: ngermanb 2016/11/02 v2.9 German support for babel (new orthography)

("F:\Program Files\MiKTeX 2.9\tex\generic\babel\babel.def"
File: babel.def 2016/04/23 3.9r Babel common definitions
\babel@savecnt=\count89
\U@D=\dimen103
)
Package babel Info: Making " an active character on input line 125.
)))
("F:\Program Files\MiKTeX 2.9\tex\latex\graphics\graphicx.sty"
Package: graphicx 2014/10/28 v1.0g Enhanced LaTeX Graphics (DPC,SPQR)

("F:\Program Files\MiKTeX 2.9\tex\latex\graphics\graphics.sty"
Package: graphics 2016/07/10 v1.0t Standard LaTeX Graphics (DPC,SPQR)

("F:\Program Files\MiKTeX 2.9\tex\latex\graphics\trig.sty"
Package: trig 2016/01/03 v1.10 sin cos tan (DPC)
)
("F:\Program Files\MiKTeX 2.9\tex\latex\graphics-cfg\graphics.cfg"
File: graphics.cfg 2016/06/04 v1.11 sample graphics configuration
)
Package graphics Info: Driver file: pdftex.def on input line 99.

("F:\Program Files\MiKTeX 2.9\tex\latex\graphics-def\pdftex.def"
File: pdftex.def 2016/07/10 v0.06j Graphics/color for pdfTeX

("F:\Program Files\MiKTeX 2.9\tex\generic\oberdiek\infwarerr.sty"
Package: infwarerr 2016/05/16 v1.4 Providing info/warning/error messages (HO)
)
("F:\Program Files\MiKTeX 2.9\tex\generic\oberdiek\ltxcmds.sty"
Package: ltxcmds 2016/05/16 v1.23 LaTeX kernel commands for general use (HO)
)
\Gread@gobject=\count90
))
\Gin@req@height=\dimen104
\Gin@req@width=\dimen105
)
("F:\Program Files\MiKTeX 2.9\tex\latex\float\float.sty"
Package: float 2001/11/08 v1.3d Float enhancements (AL)
\c@float@type=\count91
\float@exts=\toks20
\float@box=\box28
\@float@everytoks=\toks21
\@floatcapt=\box29
)
(C:\Users\siegfried\AppData\Roaming\MiKTeX\2.9\tex\latex\listings\listings.sty
\lst@mode=\count92
\lst@gtempboxa=\box30
\lst@token=\toks22
\lst@length=\count93
\lst@currlwidth=\dimen106
\lst@column=\count94
\lst@pos=\count95
\lst@lostspace=\dimen107
\lst@width=\dimen108
\lst@newlines=\count96
\lst@lineno=\count97
\lst@maxwidth=\dimen109

(C:\Users\siegfried\AppData\Roaming\MiKTeX\2.9\tex\latex\listings\lstmisc.sty
File: lstmisc.sty 2015/06/04 1.6 (Carsten Heinz)
\c@lstnumber=\count98
\lst@skipnumbers=\count99
\lst@framebox=\box31
)
(C:\Users\siegfried\AppData\Roaming\MiKTeX\2.9\tex\latex\listings\listings.cfg
File: listings.cfg 2015/06/04 1.6 listings configuration
))
Package: listings 2015/06/04 1.6 (Carsten Heinz)
 (C:\Users\siegfried\AppData\Roaming\MiKTeX\2.9\tex\latex\xcolor\xcolor.sty
Package: xcolor 2016/05/11 v2.12 LaTeX color extensions (UK)

("F:\Program Files\MiKTeX 2.9\tex\latex\graphics-cfg\color.cfg"
File: color.cfg 2016/01/02 v1.6 sample color configuration
)
Package xcolor Info: Driver file: pdftex.def on input line 225.

(C:\Users\siegfried\AppData\Roaming\MiKTeX\2.9\tex\latex\colortbl\colortbl.sty
Package: colortbl 2012/02/13 v1.0a Color table columns (DPC)

("F:\Program Files\MiKTeX 2.9\tex\latex\tools\array.sty"
Package: array 2014/10/28 v2.4c Tabular extension package (FMi)
\col@sep=\dimen110
\extrarowheight=\dimen111
\NC@list=\toks23
\extratabsurround=\skip55
\backup@length=\skip56
)
\everycr=\toks24
\minrowclearance=\skip57
)
\rownum=\count100
Package xcolor Info: Model `cmy' substituted by `cmy0' on input line 1348.
Package xcolor Info: Model `hsb' substituted by `rgb' on input line 1352.
Package xcolor Info: Model `RGB' extended on input line 1364.
Package xcolor Info: Model `HTML' substituted by `rgb' on input line 1366.
Package xcolor Info: Model `Hsb' substituted by `hsb' on input line 1367.
Package xcolor Info: Model `tHsb' substituted by `hsb' on input line 1368.
Package xcolor Info: Model `HSB' substituted by `hsb' on input line 1369.
Package xcolor Info: Model `Gray' substituted by `gray' on input line 1370.
Package xcolor Info: Model `wave' substituted by `hsb' on input line 1371.
)
(C:\Users\siegfried\AppData\Roaming\MiKTeX\2.9\tex\latex\koma-script\scrpage2.s
ty
Package: scrpage2 2016/06/14 v3.21 KOMA-Script package (page head and foot)
LaTeX Info: Redefining \pagemark on input line 174.
) (C:\Users\siegfried\AppData\Roaming\MiKTeX\2.9\tex\latex\ulem\ulem.sty
\UL@box=\box32
\UL@hyphenbox=\box33
\UL@skip=\skip58
\UL@hook=\toks25
\UL@height=\dimen112
\UL@pe=\count101
\UL@pixel=\dimen113
\ULC@box=\box34
Package: ulem 2012/05/18
\ULdepth=\dimen114
)
(einsteiger.aux)
\openout1 = `einsteiger.aux'.

LaTeX Font Info:    Checking defaults for OML/cmm/m/it on input line 39.
LaTeX Font Info:    ... okay on input line 39.
LaTeX Font Info:    Checking defaults for T1/cmr/m/n on input line 39.
LaTeX Font Info:    ... okay on input line 39.
LaTeX Font Info:    Checking defaults for OT1/cmr/m/n on input line 39.
LaTeX Font Info:    ... okay on input line 39.
LaTeX Font Info:    Checking defaults for OMS/cmsy/m/n on input line 39.
LaTeX Font Info:    ... okay on input line 39.
LaTeX Font Info:    Checking defaults for OMX/cmex/m/n on input line 39.
LaTeX Font Info:    ... okay on input line 39.
LaTeX Font Info:    Checking defaults for U/cmr/m/n on input line 39.
LaTeX Font Info:    ... okay on input line 39.

(C:\Users\siegfried\AppData\Roaming\MiKTeX\2.9\tex\latex\ucs\ucsencs.def
File: ucsencs.def 2011/01/21 Fixes to fontencodings LGR, T3
)
(C:\Users\siegfried\AppData\Roaming\MiKTeX\2.9\tex\context\base\supp-pdf.mkii
[Loading MPS to PDF converter (version 2006.09.02).]
\scratchcounter=\count102
\scratchdimen=\dimen115
\scratchbox=\box35
\nofMPsegments=\count103
\nofMParguments=\count104
\everyMPshowfont=\toks26
\MPscratchCnt=\count105
\MPscratchDim=\dimen116
\MPnumerator=\count106
\makeMPintoPDFobject=\count107
\everyMPtoPDFconversion=\toks27
) ("F:\Program Files\MiKTeX 2.9\tex\generic\oberdiek\pdftexcmds.sty"
Package: pdftexcmds 2016/05/21 v0.22 Utility functions of pdfTeX for LuaTeX (HO
)

("F:\Program Files\MiKTeX 2.9\tex\generic\oberdiek\ifluatex.sty"
Package: ifluatex 2016/05/16 v1.4 Provides the ifluatex switch (HO)
Package ifluatex Info: LuaTeX not detected.
)
("F:\Program Files\MiKTeX 2.9\tex\generic\oberdiek\ifpdf.sty"
Package: ifpdf 2016/05/14 v3.1 Provides the ifpdf switch
)
Package pdftexcmds Info: LuaTeX not detected.
Package pdftexcmds Info: \pdf@primitive is available.
Package pdftexcmds Info: \pdf@ifprimitive is available.
Package pdftexcmds Info: \pdfdraftmode found.
)
("F:\Program Files\MiKTeX 2.9\tex\latex\oberdiek\epstopdf-base.sty"
Package: epstopdf-base 2016/05/15 v2.6 Base part for package epstopdf

("F:\Program Files\MiKTeX 2.9\tex\latex\oberdiek\grfext.sty"
Package: grfext 2016/05/16 v1.2 Manage graphics extensions (HO)

("F:\Program Files\MiKTeX 2.9\tex\generic\oberdiek\kvdefinekeys.sty"
Package: kvdefinekeys 2016/05/16 v1.4 Define keys (HO)
))
("F:\Program Files\MiKTeX 2.9\tex\latex\oberdiek\kvoptions.sty"
Package: kvoptions 2016/05/16 v3.12 Key value format for package options (HO)

("F:\Program Files\MiKTeX 2.9\tex\generic\oberdiek\kvsetkeys.sty"
Package: kvsetkeys 2016/05/16 v1.17 Key value parser (HO)

("F:\Program Files\MiKTeX 2.9\tex\generic\oberdiek\etexcmds.sty"
Package: etexcmds 2016/05/16 v1.6 Avoid name clashes with e-TeX commands (HO)
Package etexcmds Info: Could not find \expanded.
(etexcmds)             That can mean that you are not using pdfTeX 1.50 or
(etexcmds)             that some package has redefined \expanded.
(etexcmds)             In the latter case, load this package earlier.
)))
Package epstopdf-base Info: Redefining graphics rule for `.eps' on input line 4
38.
Package grfext Info: Graphics extension search list:
(grfext)             [.png,.pdf,.jpg,.mps,.jpeg,.jbig2,.jb2,.PNG,.PDF,.JPG,.JPE
G,.JBIG2,.JB2,.eps]
(grfext)             \AppendGraphicsExtensions on input line 456.
)
\c@lstlisting=\count108

<HTWG.jpg, id=1, 227.6505pt x 70.1019pt>
File: HTWG.jpg Graphic file (type jpg)
 <use HTWG.jpg>
Package pdftex.def Info: HTWG.jpg used on input line 43.
(pdftex.def)             Requested size: 224.06548pt x 68.99995pt.

(C:\Users\siegfried\AppData\Roaming\MiKTeX\2.9\tex\latex\ucs\uni-0.def
File: uni-0.def 2013/05/13 UCS: Unicode data U+0000..U+00FF
)
[1

{C:/Users/siegfried/AppData/Local/MiKTeX/2.9/pdftex/config/pdftex.map} <./HTWG.
jpg>]
LaTeX Font Info:    Try loading font information for T1+cmss on input line 60.
 ("F:\Program Files\MiKTeX 2.9\tex\latex\base\t1cmss.fd"
File: t1cmss.fd 2014/09/29 v2.5h Standard LaTeX font definitions
)
LaTeX Font Info:    External font `cmex10' loaded for size
(Font)              <12> on input line 66.
LaTeX Font Info:    External font `cmex10' loaded for size
(Font)              <8> on input line 66.
LaTeX Font Info:    External font `cmex10' loaded for size
(Font)              <6> on input line 66.
 [2]
(einsteiger.toc)
\tf@toc=\write3
\openout3 = `einsteiger.toc'.

 [3]
LaTeX Font Info:    Try loading font information for OMS+cmr on input line 78.
 ("F:\Program Files\MiKTeX 2.9\tex\latex\base\omscmr.fd"
File: omscmr.fd 2014/09/29 v2.5h Standard LaTeX font definitions
)
LaTeX Font Info:    Font shape `OMS/cmr/m/n' in size <12> not available
(Font)              Font shape `OMS/cmsy/m/n' tried instead on input line 78.

[4] <schritt1.png, id=24, 540.51938pt x 85.82062pt>
File: schritt1.png Graphic file (type png)
 <use schritt1.png>
Package pdftex.def Info: schritt1.png used on input line 104.
(pdftex.def)             Requested size: 448.13095pt x 71.15381pt.
 [5 <./schritt1.png>] <schritt2.png, id=30, 577.15625pt x 380.42125pt>
File: schritt2.png Graphic file (type png)

<use schritt2.png>
Package pdftex.def Info: schritt2.png used on input line 118.
(pdftex.def)             Requested size: 268.8813pt x 177.23653pt.
 <schritt3.png, id=31, 395.97937pt x 283.81032pt>
File: schritt3.png Graphic file (type png)

<use schritt3.png>
Package pdftex.def Info: schritt3.png used on input line 124.
(pdftex.def)             Requested size: 268.8813pt x 192.71996pt.
 [6 <./schritt2.png> <./schritt3.png>]
<schritt4.png, id=37, 690.58pt x 417.56pt>
File: schritt4.png Graphic file (type png)
 <use schritt4.png>
Package pdftex.def Info: schritt4.png used on input line 134.
(pdftex.def)             Requested size: 448.13095pt x 270.96477pt.

<schritt5.png, id=38, 801.99625pt x 451.6875pt>
File: schritt5.png Graphic file (type png)
 <use schritt5.png>
Package pdftex.def Info: schritt5.png used on input line 142.
(pdftex.def)             Requested size: 358.50612pt x 201.91351pt.
 [7 <./schritt4.png>] <schritt6.png, id=44, 596.2275pt x 263.98625pt>
File: schritt6.png Graphic file (type png)
 <use schritt6.png>
Package pdftex.def Info: schritt6.png used on input line 151.
(pdftex.def)             Requested size: 358.50612pt x 158.73132pt.

[8 <./schritt5.png> <./schritt6.png>] [9]
<ersteSchritte001.png, id=53, 365.365pt x 21.07875pt>
File: ersteSchritte001.png Graphic file (type png)

<use ersteSchritte001.png>
Package pdftex.def Info: ersteSchritte001.png used on input line 202.
(pdftex.def)             Requested size: 313.69029pt x 18.0984pt.

Overfull \hbox (13.13635pt too wide) in paragraph at lines 212--222
 [] 
 []

[10 <./ersteSchritte001.png>]
(C:\Users\siegfried\AppData\Roaming\MiKTeX\2.9\tex\latex\listings\lstlang1.sty
File: lstlang1.sty 2015/06/04 1.6 listings language file
) (C:\Users\siegfried\AppData\Roaming\MiKTeX\2.9\tex\latex\listings\lstlang1.st
y
File: lstlang1.sty 2015/06/04 1.6 listings language file
)
LaTeX Font Info:    Try loading font information for T1+cmtt on input line 232.

 ("F:\Program Files\MiKTeX 2.9\tex\latex\base\t1cmtt.fd"
File: t1cmtt.fd 2014/09/29 v2.5h Standard LaTeX font definitions
)
<ersteSchritteExtract001.png, id=58, 449.68pt x 23.08624pt>
File: ersteSchritteExtract001.png Graphic file (type png)

<use ersteSchritteExtract001.png>
Package pdftex.def Info: ersteSchritteExtract001.png used on input line 243.
(pdftex.def)             Requested size: 313.69029pt x 16.10529pt.

<ersteSchritteExtract002.png, id=59, 398.48875pt x 19.07124pt>
File: ersteSchritteExtract002.png Graphic file (type png)

<use ersteSchritteExtract002.png>
Package pdftex.def Info: ersteSchritteExtract002.png used on input line 252.
(pdftex.def)             Requested size: 313.69029pt x 15.01343pt.

<ersteSchritteExtract003.png, id=60, 440.39531pt x 60.97781pt>
File: ersteSchritteExtract003.png Graphic file (type png)

<use ersteSchritteExtract003.png>
Package pdftex.def Info: ersteSchritteExtract003.png used on input line 257.
(pdftex.def)             Requested size: 448.13095pt x 62.05138pt.
 [11 <./ersteSchritteExtract001.png> <./ersteSchritteExtract002.png> <./ersteSc
hritteExtract003.png>]
<ersteSchritteExtractIntoFileWithoutConsole001.png, id=68, 467.7475pt x 22.0825
pt>
File: ersteSchritteExtractIntoFileWithoutConsole001.png Graphic file (type png)

 <use ersteSchritteExtractIntoFileWithoutConsole001.png>
Package pdftex.def Info: ersteSchritteExtractIntoFileWithoutConsole001.png used
 on input line 277.
(pdftex.def)             Requested size: 448.13095pt x 21.15749pt.

<ersteSchritteExtractIntoFileWithoutConsole002.png, id=69, 566.115pt x 20.075pt
>
File: ersteSchritteExtractIntoFileWithoutConsole002.png Graphic file (type png)

 <use ersteSchritteExtractIntoFileWithoutConsole002.png>
Package pdftex.def Info: ersteSchritteExtractIntoFileWithoutConsole002.png used
 on input line 285.
(pdftex.def)             Requested size: 448.13095pt x 15.89153pt.

<ersteSchritteExtractIntoFileWithoutConsole003.png, id=70, 54.9553pt x 12.045pt
>
File: ersteSchritteExtractIntoFileWithoutConsole003.png Graphic file (type png)

 <use ersteSchritteExtractIntoFileWithoutConsole003.png>
Package pdftex.def Info: ersteSchritteExtractIntoFileWithoutConsole003.png used
 on input line 293.
(pdftex.def)             Requested size: 89.62482pt x 19.64435pt.
 [12 <./ersteSchritteExtractIntoFileWithoutConsole001.png> <./ersteSchritteExtr
actIntoFileWithoutConsole002.png> <./ersteSchritteExtractIntoFileWithoutConsole
003.png>]
<ersteSchritteExtractIntoFileWithConsole001.png, id=77, 488.82625pt x 20.075pt>
File: ersteSchritteExtractIntoFileWithConsole001.png Graphic file (type png)
<use ersteSchritteExtractIntoFileWithConsole001.png>
Package pdftex.def Info: ersteSchritteExtractIntoFileWithConsole001.png used on
 input line 313.
(pdftex.def)             Requested size: 448.13095pt x 18.40396pt.

<ersteSchritteExtractIntoFileWithConsole002.png, id=78, 593.21625pt x 19.07124p
t>
File: ersteSchritteExtractIntoFileWithConsole002.png Graphic file (type png)
 <use ersteSchritteExtractIntoFileWithConsole002.png>
Package pdftex.def Info: ersteSchritteExtractIntoFileWithConsole002.png used on
 input line 321.
(pdftex.def)             Requested size: 448.13095pt x 14.40727pt.

<ersteSchritteExtractIntoFileWithConsole003.png, id=79, 440.39531pt x 60.97781p
t>
File: ersteSchritteExtractIntoFileWithConsole003.png Graphic file (type png)
 <use ersteSchritteExtractIntoFileWithConsole003.png>
Package pdftex.def Info: ersteSchritteExtractIntoFileWithConsole003.png used on
 input line 329.
(pdftex.def)             Requested size: 448.13095pt x 62.05138pt.
 [13 <./ersteSchritteExtractIntoFileWithConsole001.png> <./ersteSchritteExtract
IntoFileWithConsole002.png> <./ersteSchritteExtractIntoFileWithConsole003.png>]

<ersteSchritteHilfe1.png, id=87, 218.8175pt x 19.07124pt>
File: ersteSchritteHilfe1.png Graphic file (type png)

<use ersteSchritteHilfe1.png>
Package pdftex.def Info: ersteSchritteHilfe1.png used on input line 340.
(pdftex.def)             Requested size: 179.24963pt x 15.62279pt.

<ersteSchritteHilfe2.png, id=88, 246.9225pt x 18.0675pt>
File: ersteSchritteHilfe2.png Graphic file (type png)

<use ersteSchritteHilfe2.png>
Package pdftex.def Info: ersteSchritteHilfe2.png used on input line 349.
(pdftex.def)             Requested size: 179.24963pt x 13.11554pt.

<ersteSchritteHilfe3.png, id=89, 547.2947pt x 75.28125pt>
File: ersteSchritteHilfe3.png Graphic file (type png)

<use ersteSchritteHilfe3.png>
Package pdftex.def Info: ersteSchritteHilfe3.png used on input line 356.
(pdftex.def)             Requested size: 492.94678pt x 67.80647pt.

Overfull \hbox (44.81583pt too wide) in paragraph at lines 356--356
 [][] 
 []

[14 <./ersteSchritteHilfe1.png> <./ersteSchritteHilfe2.png> <./ersteSchritteHil
fe3.png>]
Overfull \hbox (31.55255pt too wide) in paragraph at lines 369--379
 [][] 
 []

[15] [16] [17] (einsteiger.aux) ) 
Here is how much of TeX's memory you used:
 7767 strings out of 493333
 118990 string characters out of 3139181
 304097 words of memory out of 3000000
 11163 multiletter control sequences out of 15000+200000
 15718 words of font info for 37 fonts, out of 3000000 for 9000
 1141 hyphenation exceptions out of 8191
 49i,10n,51p,8839b,1145s stack positions out of 5000i,500n,10000p,200000b,50000s
 <C:\Users\siegfried\AppData\Local\MiKTeX\2.9\
fonts\pk\ljfour\jknappen\ec\dpi600\ectt1200.pk> <C:\Users\siegfried\AppData\Loc
al\MiKTeX\2.9\fonts\pk\ljfour\jknappen\ec\dpi600\ecsx1440.pk> <C:\Users\siegfri
ed\AppData\Local\MiKTeX\2.9\fonts\pk\ljfour\jknappen\ec\dpi600\ecsx1200.pk> <C:
\Users\siegfried\AppData\Local\MiKTeX\2.9\fonts\pk\ljfour\jknappen\ec\dpi600\ec
rm1200.pk> <C:\Users\siegfried\AppData\Local\MiKTeX\2.9\fonts\pk\ljfour\jknappe
n\ec\dpi600\ecsx1728.pk> <C:\Users\siegfried\AppData\Local\MiKTeX\2.9\fonts\pk\
ljfour\jknappen\ec\dpi600\ecrm1440.pk> <C:\Users\siegfried\AppData\Local\MiKTeX
\2.9\fonts\pk\ljfour\jknappen\ec\dpi600\ecti1728.pk> <C:\Users\siegfried\AppDat
a\Local\MiKTeX\2.9\fonts\pk\ljfour\jknappen\ec\dpi600\ecxc1200.pk> <C:\Users\si
egfried\AppData\Local\MiKTeX\2.9\fonts\pk\ljfour\jknappen\ec\dpi600\eccc1728.pk
><F:/Program Files/MiKTeX 2.9/fonts/type1/public/amsfonts/cm/cmsy10.pfb>
Output written on einsteiger.pdf (17 pages, 347087 bytes).
PDF statistics:
 404 PDF objects out of 1000 (max. 8388607)
 0 named destinations out of 1000 (max. 500000)
 101 words of extra memory for PDF output out of 10000 (max. 10000000)

